<?xml version="1.0" encoding="UTF-8"?>
<!-- Generated by org.testng.reporters.JUnitXMLReporter -->
<testsuite ignored="0" hostname="LAPTOP-CSN9D3G5" failures="0" tests="2" name="Default test" time="22.304" errors="0" timestamp="2025-09-24T14:03:49 IST">
  <testcase classname="com.qspiders.testng.InstagramAssertions" name="verifyInstagramTitle" time="13.729"/>
  <testcase classname="com.qspiders.testng.InstagramAssertions" name="verifyLoginButton" time="8.441"/>
</testsuite> <!-- Default test -->
