<?xml version="1.0" encoding="UTF-8"?>
<!-- Generated by org.testng.reporters.JUnitXMLReporter -->
<testsuite ignored="0" hostname="LAPTOP-CSN9D3G5" failures="3" tests="9" name="Test" time="67.605" errors="0" timestamp="2025-09-30T14:08:25 IST">
  <testcase classname="com.actitime.testscript.ProjectModule" name="createProject" time="0.016"/>
  <testcase classname="com.actitime.testscript.ProjectModule" name="deleteProject" time="0.006">
    <failure type="java.lang.AssertionError" message="null">
      <![CDATA[java.lang.AssertionError: null
at com.actitime.testscript.ProjectModule.deleteProject(ProjectModule.java:16)
at java.base/java.util.ArrayList.forEach(ArrayList.java:1604)
... Removed 27 stack frames]]>
    </failure>
  </testcase> <!-- deleteProject -->
  <testcase classname="com.actitime.testscript.ProjectModule" name="modifyProject" time="0.006"/>
  <testcase classname="com.actitime.testscript.CustomerModule" name="createCustomer" time="0.002"/>
  <testcase classname="com.actitime.testscript.CustomerModule" name="deleteCustomer" time="0.002">
    <failure type="java.lang.AssertionError" message="null">
      <![CDATA[java.lang.AssertionError: null
at com.actitime.testscript.CustomerModule.deleteCustomer(CustomerModule.java:19)
at java.base/java.util.ArrayList.forEach(ArrayList.java:1604)
... Removed 27 stack frames]]>
    </failure>
  </testcase> <!-- deleteCustomer -->
  <testcase classname="com.actitime.testscript.CustomerModule" name="modifyCustomer" time="0.002"/>
  <testcase classname="com.actitime.testscript.UserModule" name="createUser" time="0.003"/>
  <testcase classname="com.actitime.testscript.UserModule" name="deleteUser" time="0.003">
    <failure type="java.lang.AssertionError" message="null">
      <![CDATA[java.lang.AssertionError: null
at com.actitime.testscript.UserModule.deleteUser(UserModule.java:16)
at java.base/java.util.ArrayList.forEach(ArrayList.java:1604)
... Removed 27 stack frames]]>
    </failure>
  </testcase> <!-- deleteUser -->
  <testcase classname="com.actitime.testscript.UserModule" name="modifyUser" time="0.002"/>
</testsuite> <!-- Test -->
