<?xml version="1.0" encoding="UTF-8"?>
<!-- Generated by org.testng.reporters.JUnitXMLReporter -->
<testsuite ignored="6" hostname="LAPTOP-CSN9D3G5" failures="0" tests="3" name="Test" time="11.206" errors="0" timestamp="2025-09-26T17:09:00 IST">
  <testcase classname="com.actitime.testscript.ProjectModule" name="createProject" time="0.01"/>
  <testcase classname="com.actitime.testscript.CustomerModule" name="createCustomer" time="0.004"/>
  <testcase classname="com.actitime.testscript.UserModule" name="createUser" time="0.004"/>
  <testcase classname="com.actitime.testscript.UserModule" name="deleteUser" time="0.0">
    <ignored/>
  </testcase> <!-- deleteUser -->
  <testcase classname="com.actitime.testscript.ProjectModule" name="modifyProject" time="0.0">
    <ignored/>
  </testcase> <!-- modifyProject -->
  <testcase classname="com.actitime.testscript.CustomerModule" name="modifyCustomer" time="0.0">
    <ignored/>
  </testcase> <!-- modifyCustomer -->
  <testcase classname="com.actitime.testscript.CustomerModule" name="deleteCustomer" time="0.0">
    <ignored/>
  </testcase> <!-- deleteCustomer -->
  <testcase classname="com.actitime.testscript.UserModule" name="modifyUser" time="0.0">
    <ignored/>
  </testcase> <!-- modifyUser -->
  <testcase classname="com.actitime.testscript.ProjectModule" name="deleteProject" time="0.0">
    <ignored/>
  </testcase> <!-- deleteProject -->
</testsuite> <!-- Test -->
