<?xml version="1.0" encoding="UTF-8"?>
<testng-results ignored="0" total="2" passed="2" failed="0" skipped="0">
  <reporter-output>
  </reporter-output>
  <suite started-at="2025-10-06T15:22:09 IST" name="Default suite" finished-at="2025-10-06T15:22:12 IST" duration-ms="2999">
    <groups>
    </groups>
    <test started-at="2025-10-06T15:22:09 IST" name="Default test" finished-at="2025-10-06T15:22:12 IST" duration-ms="2999">
      <class name="com.actitime.testscript.DemoA">
        <test-method signature="demo()[pri:0, instance:com.actitime.testscript.DemoA@564fabc8]" started-at="2025-10-06T15:22:09 IST" name="demo" finished-at="2025-10-06T15:22:11 IST" duration-ms="2069" status="PASS">
          <reporter-output>
          </reporter-output>
        </test-method> <!-- demo -->
        <test-method signature="demoA()[pri:0, instance:com.actitime.testscript.DemoA@564fabc8]" started-at="2025-10-06T15:22:11 IST" name="demoA" finished-at="2025-10-06T15:22:12 IST" duration-ms="892" status="PASS">
          <reporter-output>
          </reporter-output>
        </test-method> <!-- demoA -->
      </class> <!-- com.actitime.testscript.DemoA -->
    </test> <!-- Default test -->
  </suite> <!-- Default suite -->
</testng-results>
