<?xml version="1.0" encoding="UTF-8"?>
<testng-results ignored="0" total="2" passed="2" failed="0" skipped="0">
  <reporter-output>
    <line>
      <![CDATA[Hello]]>
    </line>
    <line>
      <![CDATA[World]]>
    </line>
  </reporter-output>
  <suite started-at="2025-09-22T13:30:55 IST" name="Default suite" finished-at="2025-09-22T13:30:55 IST" duration-ms="159">
    <groups>
    </groups>
    <test started-at="2025-09-22T13:30:55 IST" name="Default test" finished-at="2025-09-22T13:30:55 IST" duration-ms="159">
      <class name="com.qspiders.testng.demo">
        <test-method signature="demoA()[pri:0, instance:com.qspiders.testng.demo@399f45b1]" started-at="2025-09-22T13:30:55 IST" name="demoA" finished-at="2025-09-22T13:30:55 IST" duration-ms="32" status="PASS">
          <reporter-output>
            <line>
              <![CDATA[Hello]]>
            </line>
          </reporter-output>
        </test-method> <!-- demoA -->
        <test-method signature="demoB()[pri:0, instance:com.qspiders.testng.demo@399f45b1]" started-at="2025-09-22T13:30:55 IST" name="demoB" finished-at="2025-09-22T13:30:55 IST" duration-ms="7" status="PASS">
          <reporter-output>
            <line>
              <![CDATA[World]]>
            </line>
          </reporter-output>
        </test-method> <!-- demoB -->
      </class> <!-- com.qspiders.testng.demo -->
    </test> <!-- Default test -->
  </suite> <!-- Default suite -->
</testng-results>
